<?xml version="1.0" encoding="UTF-8"?>
<!-- Generated by org.testng.reporters.JUnitReportReporter -->
<testsuite hostname="DESKTOP-R5SBQ5Q" failures="0" tests="1" name="com.Test.LoginTest" time="0.298" errors="0" timestamp="14 Jul 2022 07:14:14 GMT" skipped="1">
  <testcase classname="com.Test.LoginTest" name="skipTest" time="0.298">
    <skipped/>
  </testcase> <!-- skipTest -->
</testsuite> <!-- com.Test.LoginTest -->
